<?xml version="1.0" encoding="UTF-8"?>
<!-- Generated by org.testng.reporters.JUnitReportReporter -->
<testsuite skipped="0" hostname="DESKTOP-FGS4TB6" name="com.crm.autodesk.Contacts.Tests.CreateOrganizationwithMultipleData" tests="5" failures="0" timestamp="16 Sep 2021 17:35:29 GMT" time="182.060" errors="0">
  <testcase name="CreateOrganizationwithMultipleData" time="36.337" classname="com.crm.autodesk.Contacts.Tests.CreateOrganizationwithMultipleData"/>
  <testcase name="CreateOrganizationwithMultipleData" time="36.121" classname="com.crm.autodesk.Contacts.Tests.CreateOrganizationwithMultipleData"/>
  <testcase name="CreateOrganizationwithMultipleData" time="36.807" classname="com.crm.autodesk.Contacts.Tests.CreateOrganizationwithMultipleData"/>
  <testcase name="CreateOrganizationwithMultipleData" time="37.921" classname="com.crm.autodesk.Contacts.Tests.CreateOrganizationwithMultipleData"/>
  <testcase name="CreateOrganizationwithMultipleData" time="34.874" classname="com.crm.autodesk.Contacts.Tests.CreateOrganizationwithMultipleData"/>
</testsuite> <!-- com.crm.autodesk.Contacts.Tests.CreateOrganizationwithMultipleData -->
