<?xml version="1.0" encoding="UTF-8"?>
<!-- Generated by org.testng.reporters.JUnitReportReporter -->
<testsuite skipped="0" hostname="DESKTOP-FGS4TB6" name="com.crm.autodesk.Contacts.Tests.TC_04_CreateProductsWithPartNumberTest" tests="1" failures="0" timestamp="11 Sep 2021 16:59:05 GMT" time="57.587" errors="0">
  <testcase name="createContactWithOrganization" time="57.587" classname="com.crm.autodesk.Contacts.Tests.TC_04_CreateProductsWithPartNumberTest"/>
</testsuite> <!-- com.crm.autodesk.Contacts.Tests.TC_04_CreateProductsWithPartNumberTest -->
