<?xml version="1.0" encoding="UTF-8"?>
<!-- Generated by org.testng.reporters.JUnitReportReporter -->
<testsuite skipped="0" hostname="DESKTOP-FGS4TB6" name="Practice.DeleteParticularRowofOrganization" tests="1" failures="0" timestamp="07 Sep 2021 18:20:24 GMT" time="34.182" errors="0">
  <testcase name="OrganizationTest" time="34.182" classname="Practice.DeleteParticularRowofOrganization"/>
</testsuite> <!-- Practice.DeleteParticularRowofOrganization -->
