<?xml version="1.0" encoding="UTF-8"?>
<!-- Generated by org.testng.reporters.JUnitReportReporter -->
<testsuite skipped="0" hostname="DESKTOP-FGS4TB6" name="com.crm.Assignments.TC_01_CreateContactWithoutLastNameTest" tests="1" failures="0" timestamp="21 Sep 2021 16:32:30 GMT" time="45.827" errors="0">
  <testcase name="createContactWithoutLastName" time="45.827" classname="com.crm.Assignments.TC_01_CreateContactWithoutLastNameTest"/>
</testsuite> <!-- com.crm.Assignments.TC_01_CreateContactWithoutLastNameTest -->
