<?xml version="1.0" encoding="UTF-8"?>
<!-- Generated by org.testng.reporters.JUnitReportReporter -->
<testsuite skipped="0" hostname="DESKTOP-FGS4TB6" name="Practice.ReadFromXML" tests="1" failures="0" timestamp="07 Sep 2021 11:43:22 GMT" time="0.024" errors="0">
  <testcase name="readDataFromXML" time="0.024" classname="Practice.ReadFromXML"/>
</testsuite> <!-- Practice.ReadFromXML -->
