<?xml version="1.0" encoding="UTF-8"?>
<!-- Generated by org.testng.reporters.JUnitReportReporter -->
<testsuite skipped="0" hostname="DESKTOP-FGS4TB6" name="com.crm.Assignments.TC_04_CreateContactClickonReportTest" tests="1" failures="0" timestamp="17 Sep 2021 17:36:44 GMT" time="43.719" errors="0">
  <testcase name="CreateContactClickonReportTest" time="43.719" classname="com.crm.Assignments.TC_04_CreateContactClickonReportTest"/>
</testsuite> <!-- com.crm.Assignments.TC_04_CreateContactClickonReportTest -->
