<?xml version="1.0" encoding="UTF-8"?>
<!-- Generated by org.testng.reporters.JUnitReportReporter -->
<testsuite skipped="0" hostname="DESKTOP-FGS4TB6" name="com.crm.Assignments.TC_02_CreateContactwithLastNameTest" tests="1" failures="0" timestamp="17 Sep 2021 09:07:36 GMT" time="42.568" errors="0">
  <testcase name="createContactWithLastName" time="42.568" classname="com.crm.Assignments.TC_02_CreateContactwithLastNameTest"/>
</testsuite> <!-- com.crm.Assignments.TC_02_CreateContactwithLastNameTest -->
