<?xml version="1.0" encoding="UTF-8"?>
<!-- Generated by org.testng.reporters.JUnitReportReporter -->
<testsuite skipped="0" hostname="DESKTOP-FGS4TB6" name="com.crm.autodesk.Contacts.Tests.CreateOrganizarionCaptureTitle" tests="1" failures="0" timestamp="17 Sep 2021 05:19:07 GMT" time="26.370" errors="0">
  <testcase name="CreateOrganizarionCaptureTitle" time="26.370" classname="com.crm.autodesk.Contacts.Tests.CreateOrganizarionCaptureTitle"/>
</testsuite> <!-- com.crm.autodesk.Contacts.Tests.CreateOrganizarionCaptureTitle -->
