<?xml version="1.0" encoding="UTF-8"?>
<!-- Generated by org.testng.reporters.JUnitReportReporter -->
<testsuite skipped="0" hostname="DESKTOP-FGS4TB6" name="com.crm.autodesk.Contacts.Tests.TC_02_CreateOrganizationTest" tests="1" failures="0" timestamp="09 Sep 2021 08:05:42 GMT" time="47.885" errors="0">
  <testcase name="createContactWithOrganization" time="47.885" classname="com.crm.autodesk.Contacts.Tests.TC_02_CreateOrganizationTest"/>
</testsuite> <!-- com.crm.autodesk.Contacts.Tests.TC_02_CreateOrganizationTest -->
