<?xml version="1.0" encoding="UTF-8"?>
<!-- Generated by org.testng.reporters.JUnitReportReporter -->
<testsuite skipped="0" hostname="DESKTOP-FGS4TB6" name="com.crm.Assignments.TC_03_CreateContactwithChooseFile" tests="1" failures="0" timestamp="17 Sep 2021 09:07:36 GMT" time="39.998" errors="0">
  <testcase name="CreateContactwithChooseFile" time="39.998" classname="com.crm.Assignments.TC_03_CreateContactwithChooseFile"/>
</testsuite> <!-- com.crm.Assignments.TC_03_CreateContactwithChooseFile -->
